Build started 24/05/2013 5:56:22.
     1>Project "C:\Users\Lode\Documents\Visual Studio 2012\Projects\Software Project\Source\Main\Tickets Sale Service Groep 9\Tickets\Tickets.vcxproj" on node 2 (Build target(s)).
     1>ClCompile:
         C:\Program Files (x86)\Microsoft Visual Studio 11.0\VC\bin\CL.exe /c /I"C:\Program Files\boost\boost_1_51" /ZI /nologo /W3 /WX- /sdl /Od /Oy- /D WIN32 /D _DEBUG /D _CONSOLE /D HAVE_INT8_T=1 /D Databank_Online /D _MBCS /Gm /EHsc /RTC1 /MDd /GS /fp:precise /Zc:wchar_t /Zc:forScope /Yc"stdafx.h" /Fp"Debug\Tickets.pch" /Fo"Debug\\" /Fd"Debug\vc110.pdb" /FR"Debug\\" /Gd /TP /analyze- /errorReport:prompt stdafx.cpp
         stdafx.cpp
     1>c:\users\lode\documents\visual studio 2012\projects\software project\source\main\tickets sale service groep 9\tickets\cppconn\sqlstring.h(38): warning C4251: 'sql::SQLString::realStr' : class 'std::basic_string<_Elem,_Traits,_Alloc>' needs to have dll-interface to be used by clients of class 'sql::SQLString'
                 with
                 [
                     _Elem=char,
                     _Traits=std::char_traits<char>,
                     _Alloc=std::allocator<char>
                 ]
     1>c:\users\lode\documents\visual studio 2012\projects\software project\source\main\tickets sale service groep 9\tickets\cppconn\exception.h(61): warning C4251: 'sql::SQLException::sql_state' : class 'std::basic_string<_Elem,_Traits,_Alloc>' needs to have dll-interface to be used by clients of class 'sql::SQLException'
                 with
                 [
                     _Elem=char,
                     _Traits=std::char_traits<char>,
                     _Alloc=std::allocator<char>
                 ]
         C:\Program Files (x86)\Microsoft Visual Studio 11.0\VC\bin\CL.exe /c /I"C:\Program Files\boost\boost_1_51" /ZI /nologo /W3 /WX- /sdl /Od /Oy- /D WIN32 /D _DEBUG /D _CONSOLE /D HAVE_INT8_T=1 /D Databank_Online /D _MBCS /Gm /EHsc /RTC1 /MDd /GS /fp:precise /Zc:wchar_t /Zc:forScope /Yu"stdafx.h" /Fp"Debug\Tickets.pch" /Fo"Debug\\" /Fd"Debug\vc110.pdb" /FR"Debug\\" /Gd /TP /analyze- /errorReport:prompt Abbonement.cpp AbbonementDAO.cpp AbbonementTypes.cpp AbbonementTypesDAO.cpp Ban.cpp BanDAO.cpp DatabaseSingleton.cpp Klant.cpp KlantDAO.cpp Match.cpp MatchDAO.cpp Menu.cpp OAbbonementDAO.cpp OAbbonementTypesDAO.cpp OBanDAO.cpp OKlantDAO.cpp OMatchDAO.cpp OStadionDAO.cpp OTegenstandersDAO.cpp OTicketDAO.cpp OVakDAO.cpp OZitjeDAO.cpp Stadion.cpp StadionDAO.cpp Tegenstanders.cpp TegenstandersDAO.cpp Ticket.cpp main.cpp TicketDAO.cpp Vak.cpp VakDAO.cpp Zitje.cpp ZitjeDAO.cpp
         ZitjeDAO.cpp
         Zitje.cpp
         VakDAO.cpp
         Vak.cpp
     1>c:\users\lode\documents\visual studio 2012\projects\software project\source\main\tickets sale service groep 9\tickets\vak.cpp(16): warning C4244: 'argument' : conversion from 'double' to 'float', possible loss of data
     1>c:\users\lode\documents\visual studio 2012\projects\software project\source\main\tickets sale service groep 9\tickets\vak.cpp(25): warning C4244: 'argument' : conversion from 'double' to 'float', possible loss of data
         TicketDAO.cpp
         main.cpp
     1>c:\users\lode\documents\visual studio 2012\projects\software project\source\main\tickets sale service groep 9\tickets\main.cpp(101): warning C4018: '>' : signed/unsigned mismatch
     1>c:\users\lode\documents\visual studio 2012\projects\software project\source\main\tickets sale service groep 9\tickets\main.cpp(192): warning C4018: '<' : signed/unsigned mismatch
     1>c:\users\lode\documents\visual studio 2012\projects\software project\source\main\tickets sale service groep 9\tickets\main.cpp(202): warning C4018: '>' : signed/unsigned mismatch
     1>c:\users\lode\documents\visual studio 2012\projects\software project\source\main\tickets sale service groep 9\tickets\main.cpp(950): warning C4018: '<' : signed/unsigned mismatch
     1>c:\users\lode\documents\visual studio 2012\projects\software project\source\main\tickets sale service groep 9\tickets\main.cpp(959): warning C4018: '<' : signed/unsigned mismatch
     1>c:\users\lode\documents\visual studio 2012\projects\software project\source\main\tickets sale service groep 9\tickets\main.cpp(541): warning C4101: 'keuze_na_opzoeking' : unreferenced local variable
         Ticket.cpp
         TegenstandersDAO.cpp
         Tegenstanders.cpp
         StadionDAO.cpp
         Stadion.cpp
         OZitjeDAO.cpp
     1>c:\users\lode\documents\visual studio 2012\projects\software project\source\main\tickets sale service groep 9\tickets\ozitjedao.cpp(26): warning C4018: '<' : signed/unsigned mismatch
     1>c:\users\lode\documents\visual studio 2012\projects\software project\source\main\tickets sale service groep 9\tickets\ozitjedao.cpp(52): warning C4018: '<' : signed/unsigned mismatch
     1>c:\users\lode\documents\visual studio 2012\projects\software project\source\main\tickets sale service groep 9\tickets\ozitjedao.cpp(64): warning C4018: '<' : signed/unsigned mismatch
     1>c:\users\lode\documents\visual studio 2012\projects\software project\source\main\tickets sale service groep 9\tickets\ozitjedao.cpp(99): warning C4018: '<' : signed/unsigned mismatch
         OVakDAO.cpp
     1>c:\users\lode\documents\visual studio 2012\projects\software project\source\main\tickets sale service groep 9\tickets\ovakdao.cpp(17): warning C4018: '<' : signed/unsigned mismatch
     1>c:\users\lode\documents\visual studio 2012\projects\software project\source\main\tickets sale service groep 9\tickets\ovakdao.cpp(43): warning C4018: '<' : signed/unsigned mismatch
     1>c:\users\lode\documents\visual studio 2012\projects\software project\source\main\tickets sale service groep 9\tickets\ovakdao.cpp(53): warning C4018: '<' : signed/unsigned mismatch
     1>c:\users\lode\documents\visual studio 2012\projects\software project\source\main\tickets sale service groep 9\tickets\ovakdao.cpp(57): warning C4244: 'return' : conversion from 'float' to 'int', possible loss of data
     1>c:\users\lode\documents\visual studio 2012\projects\software project\source\main\tickets sale service groep 9\tickets\ovakdao.cpp(63): warning C4018: '<' : signed/unsigned mismatch
     1>c:\users\lode\documents\visual studio 2012\projects\software project\source\main\tickets sale service groep 9\tickets\ovakdao.cpp(75): warning C4018: '<' : signed/unsigned mismatch
     1>c:\users\lode\documents\visual studio 2012\projects\software project\source\main\tickets sale service groep 9\tickets\ovakdao.cpp(110): warning C4018: '<' : signed/unsigned mismatch
         OTicketDAO.cpp
     1>c:\users\lode\documents\visual studio 2012\projects\software project\source\main\tickets sale service groep 9\tickets\oticketdao.cpp(19): warning C4018: '<' : signed/unsigned mismatch
     1>c:\users\lode\documents\visual studio 2012\projects\software project\source\main\tickets sale service groep 9\tickets\oticketdao.cpp(45): warning C4018: '<' : signed/unsigned mismatch
     1>c:\users\lode\documents\visual studio 2012\projects\software project\source\main\tickets sale service groep 9\tickets\oticketdao.cpp(56): warning C4018: '<' : signed/unsigned mismatch
     1>c:\users\lode\documents\visual studio 2012\projects\software project\source\main\tickets sale service groep 9\tickets\oticketdao.cpp(68): warning C4018: '<' : signed/unsigned mismatch
     1>c:\users\lode\documents\visual studio 2012\projects\software project\source\main\tickets sale service groep 9\tickets\oticketdao.cpp(105): warning C4018: '<' : signed/unsigned mismatch
         OTegenstandersDAO.cpp
     1>c:\users\lode\documents\visual studio 2012\projects\software project\source\main\tickets sale service groep 9\tickets\otegenstandersdao.cpp(34): warning C4018: '<' : signed/unsigned mismatch
     1>c:\users\lode\documents\visual studio 2012\projects\software project\source\main\tickets sale service groep 9\tickets\otegenstandersdao.cpp(46): warning C4018: '<' : signed/unsigned mismatch
         OStadionDAO.cpp
     1>c:\users\lode\documents\visual studio 2012\projects\software project\source\main\tickets sale service groep 9\tickets\ostadiondao.cpp(33): warning C4018: '<' : signed/unsigned mismatch
     1>c:\users\lode\documents\visual studio 2012\projects\software project\source\main\tickets sale service groep 9\tickets\ostadiondao.cpp(45): warning C4018: '<' : signed/unsigned mismatch
         OMatchDAO.cpp
     1>c:\users\lode\documents\visual studio 2012\projects\software project\source\main\tickets sale service groep 9\tickets\omatchdao.cpp(18): warning C4018: '<' : signed/unsigned mismatch
     1>c:\users\lode\documents\visual studio 2012\projects\software project\source\main\tickets sale service groep 9\tickets\omatchdao.cpp(44): warning C4018: '<' : signed/unsigned mismatch
     1>c:\users\lode\documents\visual studio 2012\projects\software project\source\main\tickets sale service groep 9\tickets\omatchdao.cpp(56): warning C4018: '<' : signed/unsigned mismatch
     1>c:\users\lode\documents\visual studio 2012\projects\software project\source\main\tickets sale service groep 9\tickets\omatchdao.cpp(92): warning C4018: '<' : signed/unsigned mismatch
         OKlantDAO.cpp
         OBanDAO.cpp
     1>c:\users\lode\documents\visual studio 2012\projects\software project\source\main\tickets sale service groep 9\tickets\obandao.cpp(33): warning C4018: '<' : signed/unsigned mismatch
     1>c:\users\lode\documents\visual studio 2012\projects\software project\source\main\tickets sale service groep 9\tickets\obandao.cpp(45): warning C4018: '<' : signed/unsigned mismatch
     1>c:\users\lode\documents\visual studio 2012\projects\software project\source\main\tickets sale service groep 9\tickets\obandao.cpp(83): warning C4018: '<' : signed/unsigned mismatch
         OAbbonementTypesDAO.cpp
     1>c:\users\lode\documents\visual studio 2012\projects\software project\source\main\tickets sale service groep 9\tickets\oabbonementtypesdao.cpp(34): warning C4018: '<' : signed/unsigned mismatch
     1>c:\users\lode\documents\visual studio 2012\projects\software project\source\main\tickets sale service groep 9\tickets\oabbonementtypesdao.cpp(46): warning C4018: '<' : signed/unsigned mismatch
         Generating Code...
         Compiling...
         OAbbonementDAO.cpp
     1>c:\users\lode\documents\visual studio 2012\projects\software project\source\main\tickets sale service groep 9\tickets\oabbonementdao.cpp(35): warning C4018: '<' : signed/unsigned mismatch
     1>c:\users\lode\documents\visual studio 2012\projects\software project\source\main\tickets sale service groep 9\tickets\oabbonementdao.cpp(51): warning C4018: '<' : signed/unsigned mismatch
     1>c:\users\lode\documents\visual studio 2012\projects\software project\source\main\tickets sale service groep 9\tickets\oabbonementdao.cpp(67): warning C4018: '<' : signed/unsigned mismatch
         Menu.cpp
     1>c:\users\lode\documents\visual studio 2012\projects\software project\source\main\tickets sale service groep 9\tickets\menu.cpp(53): warning C4018: '<' : signed/unsigned mismatch
     1>c:\users\lode\documents\visual studio 2012\projects\software project\source\main\tickets sale service groep 9\tickets\menu.cpp(82): warning C4018: '<' : signed/unsigned mismatch
     1>c:\users\lode\documents\visual studio 2012\projects\software project\source\main\tickets sale service groep 9\tickets\menu.cpp(111): warning C4018: '<' : signed/unsigned mismatch
     1>c:\users\lode\documents\visual studio 2012\projects\software project\source\main\tickets sale service groep 9\tickets\menu.cpp(437): warning C4018: '<' : signed/unsigned mismatch
     1>c:\users\lode\documents\visual studio 2012\projects\software project\source\main\tickets sale service groep 9\tickets\menu.cpp(466): warning C4018: '<' : signed/unsigned mismatch
     1>c:\users\lode\documents\visual studio 2012\projects\software project\source\main\tickets sale service groep 9\tickets\menu.cpp(480): warning C4129: '_' : unrecognized character escape sequence
         MatchDAO.cpp
         Match.cpp
         KlantDAO.cpp
         Klant.cpp
     1>c:\users\lode\documents\visual studio 2012\projects\software project\source\main\tickets sale service groep 9\tickets\klant.cpp(343): warning C4018: '<' : signed/unsigned mismatch
     1>c:\users\lode\documents\visual studio 2012\projects\software project\source\main\tickets sale service groep 9\tickets\klant.cpp(380): warning C4018: '<' : signed/unsigned mismatch
     1>c:\users\lode\documents\visual studio 2012\projects\software project\source\main\tickets sale service groep 9\tickets\klant.cpp(567): warning C4018: '<' : signed/unsigned mismatch
     1>c:\users\lode\documents\visual studio 2012\projects\software project\source\main\tickets sale service groep 9\tickets\klant.cpp(608): warning C4018: '<' : signed/unsigned mismatch
     1>c:\users\lode\documents\visual studio 2012\projects\software project\source\main\tickets sale service groep 9\tickets\klant.cpp(645): warning C4018: '<' : signed/unsigned mismatch
     1>c:\users\lode\documents\visual studio 2012\projects\software project\source\main\tickets sale service groep 9\tickets\klant.cpp(682): warning C4018: '<' : signed/unsigned mismatch
         DatabaseSingleton.cpp
         BanDAO.cpp
         Ban.cpp
         AbbonementTypesDAO.cpp
         AbbonementTypes.cpp
         AbbonementDAO.cpp
         Abbonement.cpp
         Generating Code...
     1>c:\users\lode\documents\visual studio 2012\projects\software project\source\main\tickets sale service groep 9\tickets\menu.cpp(213): warning C4715: 'Menu::registreerForm' : not all control paths return a value
       Link:
         C:\Program Files (x86)\Microsoft Visual Studio 11.0\VC\bin\link.exe /ERRORREPORT:PROMPT /OUT:"C:\Users\Lode\Documents\Visual Studio 2012\Projects\Software Project\Source\Main\Tickets Sale Service Groep 9\Debug\Tickets.exe" /INCREMENTAL /NOLOGO /LIBPATH:mysqlcppconn.lib kernel32.lib user32.lib gdi32.lib winspool.lib comdlg32.lib advapi32.lib shell32.lib ole32.lib oleaut32.lib uuid.lib odbc32.lib odbccp32.lib /MANIFEST /MANIFESTUAC:"level='asInvoker' uiAccess='false'" /manifest:embed /DEBUG /PDB:"C:\Users\Lode\Documents\Visual Studio 2012\Projects\Software Project\Source\Main\Tickets Sale Service Groep 9\Debug\Tickets.pdb" /SUBSYSTEM:CONSOLE /TLBID:1 /DYNAMICBASE /NXCOMPAT /IMPLIB:"C:\Users\Lode\Documents\Visual Studio 2012\Projects\Software Project\Source\Main\Tickets Sale Service Groep 9\Debug\Tickets.lib" /MACHINE:X86 Debug\Abbonement.obj
         Debug\AbbonementDAO.obj
         Debug\AbbonementTypes.obj
         Debug\AbbonementTypesDAO.obj
         Debug\Ban.obj
         Debug\BanDAO.obj
         Debug\DatabaseSingleton.obj
         Debug\Klant.obj
         Debug\KlantDAO.obj
         Debug\Match.obj
         Debug\MatchDAO.obj
         Debug\Menu.obj
         Debug\OAbbonementDAO.obj
         Debug\OAbbonementTypesDAO.obj
         Debug\OBanDAO.obj
         Debug\OKlantDAO.obj
         Debug\OMatchDAO.obj
         Debug\OStadionDAO.obj
         Debug\OTegenstandersDAO.obj
         Debug\OTicketDAO.obj
         Debug\OVakDAO.obj
         Debug\OZitjeDAO.obj
         Debug\Stadion.obj
         Debug\StadionDAO.obj
         Debug\stdafx.obj
         Debug\Tegenstanders.obj
         Debug\TegenstandersDAO.obj
         Debug\Ticket.obj
         Debug\main.obj
         Debug\TicketDAO.obj
         Debug\Vak.obj
         Debug\VakDAO.obj
         Debug\Zitje.obj
         Debug\ZitjeDAO.obj
         mysqlcppconn.lib
         Tickets.vcxproj -> C:\Users\Lode\Documents\Visual Studio 2012\Projects\Software Project\Source\Main\Tickets Sale Service Groep 9\Debug\Tickets.exe
       BscMake:
         C:\Program Files (x86)\Microsoft Visual Studio 11.0\VC\bin\bscmake.exe /nologo /o"C:\Users\Lode\Documents\Visual Studio 2012\Projects\Software Project\Source\Main\Tickets Sale Service Groep 9\Debug\Tickets.bsc" /n Debug\Abbonement.sbr Debug\AbbonementDAO.sbr Debug\AbbonementTypes.sbr Debug\AbbonementTypesDAO.sbr Debug\Ban.sbr Debug\BanDAO.sbr Debug\DatabaseSingleton.sbr Debug\Klant.sbr Debug\KlantDAO.sbr Debug\Match.sbr Debug\MatchDAO.sbr Debug\Menu.sbr Debug\OAbbonementDAO.sbr Debug\OAbbonementTypesDAO.sbr Debug\OBanDAO.sbr Debug\OKlantDAO.sbr Debug\OMatchDAO.sbr Debug\OStadionDAO.sbr Debug\OTegenstandersDAO.sbr Debug\OTicketDAO.sbr Debug\OVakDAO.sbr Debug\OZitjeDAO.sbr Debug\Stadion.sbr Debug\StadionDAO.sbr Debug\stdafx.sbr Debug\Tegenstanders.sbr Debug\TegenstandersDAO.sbr Debug\Ticket.sbr Debug\main.sbr Debug\TicketDAO.sbr Debug\Vak.sbr Debug\VakDAO.sbr Debug\Zitje.sbr Debug\ZitjeDAO.sbr
     1>Done Building Project "C:\Users\Lode\Documents\Visual Studio 2012\Projects\Software Project\Source\Main\Tickets Sale Service Groep 9\Tickets\Tickets.vcxproj" (Build target(s)).

Build succeeded.

Time Elapsed 00:00:49.10
